
> ursa-optional@0.9.10 rebuild
> node-gyp rebuild



  ursaNative.cc
C:\Users\noels\Desktop\Final\NET\interaction\node_modules\ursa-optional\src\ursaNative.cc(543,21): error C2660: 'v8::String::Utf8Length': function does not take 0 arguments [C:\Users\noels\Desktop\Final\NET\interaction\node_modules\ursa-optional\build\ursaNative.vcxproj]
C:\Users\noels\Desktop\Final\NET\interaction\node_modules\ursa-optional\src\ursaNative.cc(553,8): error C2664: 'int v8::String::WriteUtf8(v8::Isolate *,char *,int,int *,int) const': cannot convert argument 1 from 'char *' to 'v8::Isolate *' [C:\Users\noels\Desktop\Final\NET\interaction\node_modules\ursa-optional\build\ursaNative.vcxproj]
C:\Users\noels\Desktop\Final\NET\interaction\node_modules\ursa-optional\src\ursaNative.cc(588,17): warning C4996: 'RSA_new': Since OpenSSL 3.0 [C:\Users\noels\Desktop\Final\NET\interaction\node_modules\ursa-optional\build\ursaNative.vcxproj]
C:\Users\noels\Desktop\Final\NET\interaction\node_modules\ursa-optional\src\ursaNative.cc(596,7): warning C4996: 'RSA_generate_key_ex': Since OpenSSL 3.0 [C:\Users\noels\Desktop\Final\NET\interaction\node_modules\ursa-optional\build\ursaNative.vcxproj]
C:\Users\noels\Desktop\Final\NET\interaction\node_modules\ursa-optional\src\ursaNative.cc(598,5): warning C4996: 'RSA_free': Since OpenSSL 3.0 [C:\Users\noels\Desktop\Final\NET\interaction\node_modules\ursa-optional\build\ursaNative.vcxproj]
C:\Users\noels\Desktop\Final\NET\interaction\node_modules\ursa-optional\src\ursaNative.cc(690,56): error C2660: 'v8::FunctionTemplate::GetFunction': function does not take 0 arguments [C:\Users\noels\Desktop\Final\NET\interaction\node_modules\ursa-optional\build\ursaNative.vcxproj]
C:\Users\noels\Desktop\Final\NET\interaction\node_modules\ursa-optional\src\ursaNative.cc(691,26): error C2660: 'v8::FunctionTemplate::GetFunction': function does not take 0 arguments [C:\Users\noels\Desktop\Final\NET\interaction\node_modules\ursa-optional\build\ursaNative.vcxproj]
C:\Users\noels\Desktop\Final\NET\interaction\node_modules\ursa-optional\src\ursaNative.cc(693,92): error C2660: 'v8::FunctionTemplate::GetFunction': function does not take 0 arguments [C:\Users\noels\Desktop\Final\NET\interaction\node_modules\ursa-optional\build\ursaNative.vcxproj]
C:\Users\noels\Desktop\Final\NET\interaction\node_modules\ursa-optional\src\ursaNative.cc(713,5): warning C4996: 'RSA_free': Since OpenSSL 3.0 [C:\Users\noels\Desktop\Final\NET\interaction\node_modules\ursa-optional\build\ursaNative.vcxproj]
C:\Users\noels\Desktop\Final\NET\interaction\node_modules\ursa-optional\src\ursaNative.cc(740,16): warning C4996: 'RSA_new': Since OpenSSL 3.0 [C:\Users\noels\Desktop\Final\NET\interaction\node_modules\ursa-optional\build\ursaNative.vcxproj]
C:\Users\noels\Desktop\Final\NET\interaction\node_modules\ursa-optional\src\ursaNative.cc(748,3): warning C4996: 'RSA_set0_key': Since OpenSSL 3.0 [C:\Users\noels\Desktop\Final\NET\interaction\node_modules\ursa-optional\build\ursaNative.vcxproj]
C:\Users\noels\Desktop\Final\NET\interaction\node_modules\ursa-optional\src\ursaNative.cc(766,5): warning C4996: 'RSA_get0_key': Since OpenSSL 3.0 [C:\Users\noels\Desktop\Final\NET\interaction\node_modules\ursa-optional\build\ursaNative.vcxproj]
C:\Users\noels\Desktop\Final\NET\interaction\node_modules\ursa-optional\src\ursaNative.cc(866,30): error C2660: 'v8::Value::Uint32Value': function does not take 0 arguments [C:\Users\noels\Desktop\Final\NET\interaction\node_modules\ursa-optional\build\ursaNative.vcxproj]
C:\Users\noels\Desktop\Final\NET\interaction\node_modules\ursa-optional\src\ursaNative.cc(866,19): error C2440: 'initializing': cannot convert from 'v8::Maybe<uint32_t>' to 'int' [C:\Users\noels\Desktop\Final\NET\interaction\node_modules\ursa-optional\build\ursaNative.vcxproj]
C:\Users\noels\Desktop\Final\NET\interaction\node_modules\ursa-optional\src\ursaNative.cc(867,27): error C2660: 'v8::Value::Uint32Value': function does not take 0 arguments [C:\Users\noels\Desktop\Final\NET\interaction\node_modules\ursa-optional\build\ursaNative.vcxproj]
C:\Users\noels\Desktop\Final\NET\interaction\node_modules\ursa-optional\src\ursaNative.cc(867,16): error C2440: 'initializing': cannot convert from 'v8::Maybe<uint32_t>' to 'int' [C:\Users\noels\Desktop\Final\NET\interaction\node_modules\ursa-optional\build\ursaNative.vcxproj]
C:\Users\noels\Desktop\Final\NET\interaction\node_modules\ursa-optional\src\ursaNative.cc(922,3): warning C4996: 'RSA_get0_key': Since OpenSSL 3.0 [C:\Users\noels\Desktop\Final\NET\interaction\node_modules\ursa-optional\build\ursaNative.vcxproj]
C:\Users\noels\Desktop\Final\NET\interaction\node_modules\ursa-optional\src\ursaNative.cc(943,3): warning C4996: 'RSA_get0_key': Since OpenSSL 3.0 [C:\Users\noels\Desktop\Final\NET\interaction\node_modules\ursa-optional\build\ursaNative.vcxproj]
C:\Users\noels\Desktop\Final\NET\interaction\node_modules\ursa-optional\src\ursaNative.cc(963,3): warning C4996: 'RSA_get0_key': Since OpenSSL 3.0 [C:\Users\noels\Desktop\Final\NET\interaction\node_modules\ursa-optional\build\ursaNative.vcxproj]
C:\Users\noels\Desktop\Final\NET\interaction\node_modules\ursa-optional\src\ursaNative.cc(1012,8): warning C4996: 'PEM_write_bio_RSAPrivateKey': Since OpenSSL 3.0 [C:\Users\noels\Desktop\Final\NET\interaction\node_modules\ursa-optional\build\ursaNative.vcxproj]
C:\Users\noels\Desktop\Final\NET\interaction\node_modules\ursa-optional\src\ursaNative.cc(1049,8): warning C4996: 'PEM_write_bio_RSA_PUBKEY': Since OpenSSL 3.0 [C:\Users\noels\Desktop\Final\NET\interaction\node_modules\ursa-optional\build\ursaNative.vcxproj]
C:\Users\noels\Desktop\Final\NET\interaction\node_modules\ursa-optional\src\ursaNative.cc(1103,26): error C2660: 'v8::Value::Uint32Value': function does not take 0 arguments [C:\Users\noels\Desktop\Final\NET\interaction\node_modules\ursa-optional\build\ursaNative.vcxproj]
C:\Users\noels\Desktop\Final\NET\interaction\node_modules\ursa-optional\src\ursaNative.cc(1103,15): error C2440: 'initializing': cannot convert from 'v8::Maybe<uint32_t>' to 'int' [C:\Users\noels\Desktop\Final\NET\interaction\node_modules\ursa-optional\build\ursaNative.vcxproj]
C:\Users\noels\Desktop\Final\NET\interaction\node_modules\ursa-optional\src\ursaNative.cc(1095,19): warning C4996: 'RSA_size': Since OpenSSL 3.0 [C:\Users\noels\Desktop\Final\NET\interaction\node_modules\ursa-optional\build\ursaNative.vcxproj]
C:\Users\noels\Desktop\Final\NET\interaction\node_modules\ursa-optional\src\ursaNative.cc(1105,19): warning C4996: 'RSA_private_decrypt': Since OpenSSL 3.0 [C:\Users\noels\Desktop\Final\NET\interaction\node_modules\ursa-optional\build\ursaNative.vcxproj]
C:\Users\noels\Desktop\Final\NET\interaction\node_modules\ursa-optional\src\ursaNative.cc(1161,26): error C2660: 'v8::Value::Uint32Value': function does not take 0 arguments [C:\Users\noels\Desktop\Final\NET\interaction\node_modules\ursa-optional\build\ursaNative.vcxproj]
C:\Users\noels\Desktop\Final\NET\interaction\node_modules\ursa-optional\src\ursaNative.cc(1161,15): error C2440: 'initializing': cannot convert from 'v8::Maybe<uint32_t>' to 'int' [C:\Users\noels\Desktop\Final\NET\interaction\node_modules\ursa-optional\build\ursaNative.vcxproj]
C:\Users\noels\Desktop\Final\NET\interaction\node_modules\ursa-optional\src\ursaNative.cc(1153,19): warning C4996: 'RSA_size': Since OpenSSL 3.0 [C:\Users\noels\Desktop\Final\NET\interaction\node_modules\ursa-optional\build\ursaNative.vcxproj]
C:\Users\noels\Desktop\Final\NET\interaction\node_modules\ursa-optional\src\ursaNative.cc(1163,13): warning C4996: 'RSA_private_encrypt': Since OpenSSL 3.0 [C:\Users\noels\Desktop\Final\NET\interaction\node_modules\ursa-optional\build\ursaNative.vcxproj]
C:\Users\noels\Desktop\Final\NET\interaction\node_modules\ursa-optional\src\ursaNative.cc(1218,26): error C2660: 'v8::Value::Uint32Value': function does not take 0 arguments [C:\Users\noels\Desktop\Final\NET\interaction\node_modules\ursa-optional\build\ursaNative.vcxproj]
C:\Users\noels\Desktop\Final\NET\interaction\node_modules\ursa-optional\src\ursaNative.cc(1218,15): error C2440: 'initializing': cannot convert from 'v8::Maybe<uint32_t>' to 'int' [C:\Users\noels\Desktop\Final\NET\interaction\node_modules\ursa-optional\build\ursaNative.vcxproj]
C:\Users\noels\Desktop\Final\NET\interaction\node_modules\ursa-optional\src\ursaNative.cc(1210,19): warning C4996: 'RSA_size': Since OpenSSL 3.0 [C:\Users\noels\Desktop\Final\NET\interaction\node_modules\ursa-optional\build\ursaNative.vcxproj]
C:\Users\noels\Desktop\Final\NET\interaction\node_modules\ursa-optional\src\ursaNative.cc(1220,19): warning C4996: 'RSA_public_decrypt': Since OpenSSL 3.0 [C:\Users\noels\Desktop\Final\NET\interaction\node_modules\ursa-optional\build\ursaNative.vcxproj]
C:\Users\noels\Desktop\Final\NET\interaction\node_modules\ursa-optional\src\ursaNative.cc(1272,26): error C2660: 'v8::Value::Uint32Value': function does not take 0 arguments [C:\Users\noels\Desktop\Final\NET\interaction\node_modules\ursa-optional\build\ursaNative.vcxproj]
C:\Users\noels\Desktop\Final\NET\interaction\node_modules\ursa-optional\src\ursaNative.cc(1272,15): error C2440: 'initializing': cannot convert from 'v8::Maybe<uint32_t>' to 'int' [C:\Users\noels\Desktop\Final\NET\interaction\node_modules\ursa-optional\build\ursaNative.vcxproj]
C:\Users\noels\Desktop\Final\NET\interaction\node_modules\ursa-optional\src\ursaNative.cc(1264,19): warning C4996: 'RSA_size': Since OpenSSL 3.0 [C:\Users\noels\Desktop\Final\NET\interaction\node_modules\ursa-optional\build\ursaNative.vcxproj]
C:\Users\noels\Desktop\Final\NET\interaction\node_modules\ursa-optional\src\ursaNative.cc(1274,13): warning C4996: 'RSA_public_encrypt': Since OpenSSL 3.0 [C:\Users\noels\Desktop\Final\NET\interaction\node_modules\ursa-optional\build\ursaNative.vcxproj]
C:\Users\noels\Desktop\Final\NET\interaction\node_modules\ursa-optional\src\ursaNative.cc(1328,16): warning C4996: 'PEM_read_bio_RSAPrivateKey': Since OpenSSL 3.0 [C:\Users\noels\Desktop\Final\NET\interaction\node_modules\ursa-optional\build\ursaNative.vcxproj]
C:\Users\noels\Desktop\Final\NET\interaction\node_modules\ursa-optional\src\ursaNative.cc(1374,14): warning C4996: 'PEM_read_bio_RSA_PUBKEY': Since OpenSSL 3.0 [C:\Users\noels\Desktop\Final\NET\interaction\node_modules\ursa-optional\build\ursaNative.vcxproj]
C:\Users\noels\Desktop\Final\NET\interaction\node_modules\ursa-optional\src\ursaNative.cc(1411,22): error C2660: 'v8::Value::Uint32Value': function does not take 0 arguments [C:\Users\noels\Desktop\Final\NET\interaction\node_modules\ursa-optional\build\ursaNative.vcxproj]
C:\Users\noels\Desktop\Final\NET\interaction\node_modules\ursa-optional\src\ursaNative.cc(1411,11): error C2440: 'initializing': cannot convert from 'v8::Maybe<uint32_t>' to 'int' [C:\Users\noels\Desktop\Final\NET\interaction\node_modules\ursa-optional\build\ursaNative.vcxproj]
C:\Users\noels\Desktop\Final\NET\interaction\node_modules\ursa-optional\src\ursaNative.cc(1426,40): warning C4996: 'RSA_size': Since OpenSSL 3.0 [C:\Users\noels\Desktop\Final\NET\interaction\node_modules\ursa-optional\build\ursaNative.vcxproj]
C:\Users\noels\Desktop\Final\NET\interaction\node_modules\ursa-optional\src\ursaNative.cc(1430,13): warning C4996: 'RSA_sign': Since OpenSSL 3.0 [C:\Users\noels\Desktop\Final\NET\interaction\node_modules\ursa-optional\build\ursaNative.vcxproj]
C:\Users\noels\Desktop\Final\NET\interaction\node_modules\ursa-optional\src\ursaNative.cc(1477,22): error C2660: 'v8::Value::Uint32Value': function does not take 0 arguments [C:\Users\noels\Desktop\Final\NET\interaction\node_modules\ursa-optional\build\ursaNative.vcxproj]
C:\Users\noels\Desktop\Final\NET\interaction\node_modules\ursa-optional\src\ursaNative.cc(1477,11): error C2440: 'initializing': cannot convert from 'v8::Maybe<uint32_t>' to 'int' [C:\Users\noels\Desktop\Final\NET\interaction\node_modules\ursa-optional\build\ursaNative.vcxproj]
C:\Users\noels\Desktop\Final\NET\interaction\node_modules\ursa-optional\src\ursaNative.cc(1505,13): warning C4996: 'RSA_verify': Since OpenSSL 3.0 [C:\Users\noels\Desktop\Final\NET\interaction\node_modules\ursa-optional\build\ursaNative.vcxproj]
C:\Users\noels\Desktop\Final\NET\interaction\node_modules\ursa-optional\src\ursaNative.cc(1554,22): error C2660: 'v8::Value::Uint32Value': function does not take 0 arguments [C:\Users\noels\Desktop\Final\NET\interaction\node_modules\ursa-optional\build\ursaNative.vcxproj]
C:\Users\noels\Desktop\Final\NET\interaction\node_modules\ursa-optional\src\ursaNative.cc(1554,11): error C2440: 'initializing': cannot convert from 'v8::Maybe<uint32_t>' to 'int' [C:\Users\noels\Desktop\Final\NET\interaction\node_modules\ursa-optional\build\ursaNative.vcxproj]
C:\Users\noels\Desktop\Final\NET\interaction\node_modules\ursa-optional\src\ursaNative.cc(1584,23): error C2660: 'v8::Value::Uint32Value': function does not take 0 arguments [C:\Users\noels\Desktop\Final\NET\interaction\node_modules\ursa-optional\build\ursaNative.vcxproj]
C:\Users\noels\Desktop\Final\NET\interaction\node_modules\ursa-optional\src\ursaNative.cc(1584,12): error C2440: 'initializing': cannot convert from 'v8::Maybe<uint32_t>' to 'int' [C:\Users\noels\Desktop\Final\NET\interaction\node_modules\ursa-optional\build\ursaNative.vcxproj]
C:\Users\noels\Desktop\Final\NET\interaction\node_modules\ursa-optional\src\ursaNative.cc(1586,41): warning C4996: 'RSA_size': Since OpenSSL 3.0 [C:\Users\noels\Desktop\Final\NET\interaction\node_modules\ursa-optional\build\ursaNative.vcxproj]
C:\Users\noels\Desktop\Final\NET\interaction\node_modules\ursa-optional\src\ursaNative.cc(1589,13): warning C4996: 'RSA_padding_add_PKCS1_PSS': Since OpenSSL 3.0 [C:\Users\noels\Desktop\Final\NET\interaction\node_modules\ursa-optional\build\ursaNative.vcxproj]
C:\Users\noels\Desktop\Final\NET\interaction\node_modules\ursa-optional\src\ursaNative.cc(1627,22): error C2660: 'v8::Value::Uint32Value': function does not take 0 arguments [C:\Users\noels\Desktop\Final\NET\interaction\node_modules\ursa-optional\build\ursaNative.vcxproj]
C:\Users\noels\Desktop\Final\NET\interaction\node_modules\ursa-optional\src\ursaNative.cc(1627,11): error C2440: 'initializing': cannot convert from 'v8::Maybe<uint32_t>' to 'int' [C:\Users\noels\Desktop\Final\NET\interaction\node_modules\ursa-optional\build\ursaNative.vcxproj]
C:\Users\noels\Desktop\Final\NET\interaction\node_modules\ursa-optional\src\ursaNative.cc(1674,23): error C2660: 'v8::Value::Uint32Value': function does not take 0 arguments [C:\Users\noels\Desktop\Final\NET\interaction\node_modules\ursa-optional\build\ursaNative.vcxproj]
C:\Users\noels\Desktop\Final\NET\interaction\node_modules\ursa-optional\src\ursaNative.cc(1674,12): error C2440: 'initializing': cannot convert from 'v8::Maybe<uint32_t>' to 'int' [C:\Users\noels\Desktop\Final\NET\interaction\node_modules\ursa-optional\build\ursaNative.vcxproj]
C:\Users\noels\Desktop\Final\NET\interaction\node_modules\ursa-optional\src\ursaNative.cc(1658,49): warning C4996: 'RSA_size': Since OpenSSL 3.0 [C:\Users\noels\Desktop\Final\NET\interaction\node_modules\ursa-optional\build\ursaNative.vcxproj]
C:\Users\noels\Desktop\Final\NET\interaction\node_modules\ursa-optional\src\ursaNative.cc(1676,13): warning C4996: 'RSA_verify_PKCS1_PSS': Since OpenSSL 3.0 [C:\Users\noels\Desktop\Final\NET\interaction\node_modules\ursa-optional\build\ursaNative.vcxproj]
C:\Users\noels\Desktop\Final\NET\interaction\node_modules\ursa-optional\src\ursaNative.cc(1714,14): warning C4996: 'RSA_new': Since OpenSSL 3.0 [C:\Users\noels\Desktop\Final\NET\interaction\node_modules\ursa-optional\build\ursaNative.vcxproj]
C:\Users\noels\Desktop\Final\NET\interaction\node_modules\ursa-optional\src\ursaNative.cc(1771,5): warning C4996: 'RSA_set0_key': Since OpenSSL 3.0 [C:\Users\noels\Desktop\Final\NET\interaction\node_modules\ursa-optional\build\ursaNative.vcxproj]
C:\Users\noels\Desktop\Final\NET\interaction\node_modules\ursa-optional\src\ursaNative.cc(1772,5): warning C4996: 'RSA_set0_factors': Since OpenSSL 3.0 [C:\Users\noels\Desktop\Final\NET\interaction\node_modules\ursa-optional\build\ursaNative.vcxproj]
C:\Users\noels\Desktop\Final\NET\interaction\node_modules\ursa-optional\src\ursaNative.cc(1773,5): warning C4996: 'RSA_set0_crt_params': Since OpenSSL 3.0 [C:\Users\noels\Desktop\Final\NET\interaction\node_modules\ursa-optional\build\ursaNative.vcxproj]
C:\Users\noels\Desktop\Final\NET\interaction\node_modules\ursa-optional\src\ursaNative.cc(1829,14): warning C4996: 'RSA_new': Since OpenSSL 3.0 [C:\Users\noels\Desktop\Final\NET\interaction\node_modules\ursa-optional\build\ursaNative.vcxproj]
C:\Users\noels\Desktop\Final\NET\interaction\node_modules\ursa-optional\src\ursaNative.cc(1850,5): warning C4996: 'RSA_set0_key': Since OpenSSL 3.0 [C:\Users\noels\Desktop\Final\NET\interaction\node_modules\ursa-optional\build\ursaNative.vcxproj]
